himalaya_mt/build/outputs/logs/manifest-merger-debug-report.txt
-- Merging decision tree log ---
manifest
ADDED from src\main\AndroidManifest.xml:2:1-222:12
	package
		ADDED from src\main\AndroidManifest.xml:3:5-31
		INJECTED from src\main\AndroidManifest.xml
		INJECTED from src\main\AndroidManifest.xml
	android:versionName
		ADDED from src\main\AndroidManifest.xml:5:5-30
		INJECTED from src\main\AndroidManifest.xml
		INJECTED from src\main\AndroidManifest.xml
	android:versionCode
		ADDED from src\main\AndroidManifest.xml:4:5-28
		INJECTED from src\main\AndroidManifest.xml
		INJECTED from src\main\AndroidManifest.xml
	xmlns:android
		ADDED from src\main\AndroidManifest.xml:2:11-69
uses-sdk
ADDED from src\main\AndroidManifest.xml:6:5-8:41
MERGED from [com.android.support:design:23.1.1] AndroidManifest.xml:20:5-43
MERGED from [com.android.support:appcompat-v7:23.1.1] AndroidManifest.xml:20:5-43
MERGED from [com.android.support:cardview-v7:23.1.1] AndroidManifest.xml:20:5-43
MERGED from [com.github.ksoichiro:android-observablescrollview:1.6.0] AndroidManifest.xml:21:5-43
MERGED from [com.android.support:recyclerview-v7:23.1.1] AndroidManifest.xml:20:5-43
MERGED from [com.google.android.gms:play-services:6.5.87] AndroidManifest.xml:18:5-42
MERGED from [com.android.support:support-v4:23.1.1] AndroidManifest.xml:20:5-43
	android:targetSdkVersion
		ADDED from src\main\AndroidManifest.xml:8:9-38
		INJECTED from src\main\AndroidManifest.xml
		INJECTED from src\main\AndroidManifest.xml
	android:minSdkVersion
		ADDED from src\main\AndroidManifest.xml:7:9-34
		INJECTED from src\main\AndroidManifest.xml
		INJECTED from src\main\AndroidManifest.xml
uses-permission#android.permission.ACCESS_NETWORK_STATE
ADDED from src\main\AndroidManifest.xml:10:5-79
	android:name
		ADDED from src\main\AndroidManifest.xml:10:22-76
uses-permission#android.permission.ACCESS_COARSE_LOCATION
ADDED from src\main\AndroidManifest.xml:11:5-81
	android:name
		ADDED from src\main\AndroidManifest.xml:11:22-78
uses-permission#android.permission.ACCESS_FINE_LOCATION
ADDED from src\main\AndroidManifest.xml:12:5-79
	android:name
		ADDED from src\main\AndroidManifest.xml:12:22-76
uses-permission#android.permission.INTERNET
ADDED from src\main\AndroidManifest.xml:13:5-67
	android:name
		ADDED from src\main\AndroidManifest.xml:13:22-64
uses-permission#android.permission.WRITE_EXTERNAL_STORAGE
ADDED from src\main\AndroidManifest.xml:14:5-81
	android:name
		ADDED from src\main\AndroidManifest.xml:14:22-78
uses-permission#android.permission.WRITE_SYNC_SETTINGS
ADDED from src\main\AndroidManifest.xml:15:5-78
	android:name
		ADDED from src\main\AndroidManifest.xml:15:22-75
uses-permission#android.permission.WAKE_LOCK
ADDED from src\main\AndroidManifest.xml:16:5-68
	android:name
		ADDED from src\main\AndroidManifest.xml:16:22-65
uses-permission#android.permission.READ_PHONE_STATE
ADDED from src\main\AndroidManifest.xml:17:5-75
	android:name
		ADDED from src\main\AndroidManifest.xml:17:22-72
uses-permission#android.permission.READ_EXTERNAL_STORAGE
ADDED from src\main\AndroidManifest.xml:18:5-80
	android:name
		ADDED from src\main\AndroidManifest.xml:18:22-77
uses-permission#android.permission.CALL_PHONE
ADDED from src\main\AndroidManifest.xml:19:5-69
	android:name
		ADDED from src\main\AndroidManifest.xml:19:22-66
application
ADDED from src\main\AndroidManifest.xml:21:5-220:19
MERGED from [com.android.support:design:23.1.1] AndroidManifest.xml:22:5-20
MERGED from [com.android.support:appcompat-v7:23.1.1] AndroidManifest.xml:22:5-20
MERGED from [com.android.support:cardview-v7:23.1.1] AndroidManifest.xml:22:5-20
MERGED from [com.google.android.gms:play-services:6.5.87] AndroidManifest.xml:20:5-24:19
MERGED from [com.android.support:support-v4:23.1.1] AndroidManifest.xml:22:5-20
	android:label
		ADDED from src\main\AndroidManifest.xml:24:9-41
	android:allowBackup
		ADDED from src\main\AndroidManifest.xml:22:9-35
	android:icon
		ADDED from src\main\AndroidManifest.xml:23:9-47
	android:theme
		ADDED from src\main\AndroidManifest.xml:25:9-52
activity#com.cpm.himalaya.SplashScreenActivity
ADDED from src\main\AndroidManifest.xml:26:9-35:20
	android:screenOrientation
		ADDED from src\main\AndroidManifest.xml:29:13-49
	android:label
		ADDED from src\main\AndroidManifest.xml:28:13-45
	android:name
		ADDED from src\main\AndroidManifest.xml:27:13-49
intent-filter#android.intent.action.MAIN+android.intent.category.LAUNCHER
ADDED from src\main\AndroidManifest.xml:30:13-34:29
action#android.intent.action.MAIN
ADDED from src\main\AndroidManifest.xml:31:17-69
	android:name
		ADDED from src\main\AndroidManifest.xml:31:25-66
category#android.intent.category.LAUNCHER
ADDED from src\main\AndroidManifest.xml:33:17-77
	android:name
		ADDED from src\main\AndroidManifest.xml:33:27-74
activity#com.cpm.autoupdate.AutoupdateActivity
ADDED from src\main\AndroidManifest.xml:36:9-38:52
	android:screenOrientation
		ADDED from src\main\AndroidManifest.xml:38:13-49
	android:name
		ADDED from src\main\AndroidManifest.xml:37:13-65
activity#com.cpm.web.ShowUpdateActivity
ADDED from src\main\AndroidManifest.xml:39:9-41:52
	android:screenOrientation
		ADDED from src\main\AndroidManifest.xml:41:13-49
	android:name
		ADDED from src\main\AndroidManifest.xml:40:13-58
activity#com.cpm.himalaya.MainActivity
ADDED from src\main\AndroidManifest.xml:42:9-44:52
	android:screenOrientation
		ADDED from src\main\AndroidManifest.xml:44:13-49
	android:name
		ADDED from src\main\AndroidManifest.xml:43:13-41
activity#com.cpm.download.CompleteDownloadActivity
ADDED from src\main\AndroidManifest.xml:45:9-47:52
	android:screenOrientation
		ADDED from src\main\AndroidManifest.xml:47:13-49
	android:name
		ADDED from src\main\AndroidManifest.xml:46:13-69
activity#com.cpm.dailyentry.DailyEntryScreen
ADDED from src\main\AndroidManifest.xml:48:9-51:52
	android:screenOrientation
		ADDED from src\main\AndroidManifest.xml:51:13-49
	android:label
		ADDED from src\main\AndroidManifest.xml:50:13-39
	android:name
		ADDED from src\main\AndroidManifest.xml:49:13-63
activity#com.cpm.upload.UploadOptionActivity
ADDED from src\main\AndroidManifest.xml:52:9-54:52
	android:screenOrientation
		ADDED from src\main\AndroidManifest.xml:54:13-49
	android:name
		ADDED from src\main\AndroidManifest.xml:53:13-63
activity#com.cpm.upload.UploadDataActivity
ADDED from src\main\AndroidManifest.xml:55:9-57:52
	android:screenOrientation
		ADDED from src\main\AndroidManifest.xml:57:13-49
	android:name
		ADDED from src\main\AndroidManifest.xml:56:13-61
activity#com.cpm.upload.CheckoutNUpload
ADDED from src\main\AndroidManifest.xml:58:9-60:52
	android:screenOrientation
		ADDED from src\main\AndroidManifest.xml:60:13-49
	android:name
		ADDED from src\main\AndroidManifest.xml:59:13-58
activity#com.cpm.upload.UploadAllImageActivity
ADDED from src\main\AndroidManifest.xml:61:9-63:52
	android:screenOrientation
		ADDED from src\main\AndroidManifest.xml:63:13-49
	android:name
		ADDED from src\main\AndroidManifest.xml:62:13-65
activity#com.cpm.dailyentry.StoreEntry
ADDED from src\main\AndroidManifest.xml:64:9-67:52
	android:screenOrientation
		ADDED from src\main\AndroidManifest.xml:67:13-49
	android:label
		ADDED from src\main\AndroidManifest.xml:66:13-40
	android:name
		ADDED from src\main\AndroidManifest.xml:65:13-57
activity#com.cpm.dailyentry.StoreType
ADDED from src\main\AndroidManifest.xml:68:9-70:52
	android:screenOrientation
		ADDED from src\main\AndroidManifest.xml:70:13-49
	android:name
		ADDED from src\main\AndroidManifest.xml:69:13-56
activity#com.cpm.dailyentry.DeepFreezerActivity
ADDED from src\main\AndroidManifest.xml:71:9-74:55
	android:screenOrientation
		ADDED from src\main\AndroidManifest.xml:73:13-49
	android:windowSoftInputMode
		ADDED from src\main\AndroidManifest.xml:74:13-52
	android:name
		ADDED from src\main\AndroidManifest.xml:72:13-66
activity#com.cpm.dailyentry.MccainType
ADDED from src\main\AndroidManifest.xml:75:9-77:52
	android:screenOrientation
		ADDED from src\main\AndroidManifest.xml:77:13-49
	android:name
		ADDED from src\main\AndroidManifest.xml:76:13-57
activity#com.cpm.dailyentry.OpeningStock
ADDED from src\main\AndroidManifest.xml:78:9-83:55
	android:screenOrientation
		ADDED from src\main\AndroidManifest.xml:82:13-49
	android:label
		ADDED from src\main\AndroidManifest.xml:81:13-61
	android:windowSoftInputMode
		ADDED from src\main\AndroidManifest.xml:83:13-52
	android:configChanges
		ADDED from src\main\AndroidManifest.xml:80:13-74
	android:name
		ADDED from src\main\AndroidManifest.xml:79:13-59
activity#com.cpm.dailyentry.ClosingStock
ADDED from src\main\AndroidManifest.xml:84:9-89:55
	android:screenOrientation
		ADDED from src\main\AndroidManifest.xml:88:13-49
	android:label
		ADDED from src\main\AndroidManifest.xml:87:13-62
	android:windowSoftInputMode
		ADDED from src\main\AndroidManifest.xml:89:13-52
	android:configChanges
		ADDED from src\main\AndroidManifest.xml:86:13-74
	android:name
		ADDED from src\main\AndroidManifest.xml:85:13-59
activity#com.cpm.dailyentry.MidDayStock
ADDED from src\main\AndroidManifest.xml:90:9-95:55
	android:screenOrientation
		ADDED from src\main\AndroidManifest.xml:94:13-49
	android:label
		ADDED from src\main\AndroidManifest.xml:93:13-60
	android:windowSoftInputMode
		ADDED from src\main\AndroidManifest.xml:95:13-52
	android:configChanges
		ADDED from src\main\AndroidManifest.xml:92:13-74
	android:name
		ADDED from src\main\AndroidManifest.xml:91:13-58
activity#com.cpm.dailyentry.PromotionActivity
ADDED from src\main\AndroidManifest.xml:96:9-101:55
	android:screenOrientation
		ADDED from src\main\AndroidManifest.xml:100:13-49
	android:label
		ADDED from src\main\AndroidManifest.xml:99:13-38
	android:windowSoftInputMode
		ADDED from src\main\AndroidManifest.xml:101:13-52
	android:configChanges
		ADDED from src\main\AndroidManifest.xml:98:13-74
	android:name
		ADDED from src\main\AndroidManifest.xml:97:13-64
activity#com.cpm.dailyentry.AssetActivity
ADDED from src\main\AndroidManifest.xml:102:9-107:55
	android:screenOrientation
		ADDED from src\main\AndroidManifest.xml:106:13-49
	android:label
		ADDED from src\main\AndroidManifest.xml:105:13-44
	android:windowSoftInputMode
		ADDED from src\main\AndroidManifest.xml:107:13-52
	android:configChanges
		ADDED from src\main\AndroidManifest.xml:104:13-74
	android:name
		ADDED from src\main\AndroidManifest.xml:103:13-60
activity#com.cpm.dailyentry.NonWorkingReason
ADDED from src\main\AndroidManifest.xml:117:9-120:52
	android:screenOrientation
		ADDED from src\main\AndroidManifest.xml:120:13-49
	android:label
		ADDED from src\main\AndroidManifest.xml:119:13-40
	android:name
		ADDED from src\main\AndroidManifest.xml:118:13-63
activity#com.cpm.dailyentry.FoodStore
ADDED from src\main\AndroidManifest.xml:121:9-125:55
	android:screenOrientation
		ADDED from src\main\AndroidManifest.xml:124:13-49
	android:windowSoftInputMode
		ADDED from src\main\AndroidManifest.xml:125:13-52
	android:configChanges
		ADDED from src\main\AndroidManifest.xml:123:13-74
	android:name
		ADDED from src\main\AndroidManifest.xml:122:13-56
activity#com.cpm.dailyentry.FacingCompetitor
ADDED from src\main\AndroidManifest.xml:126:9-131:55
	android:screenOrientation
		ADDED from src\main\AndroidManifest.xml:130:13-49
	android:label
		ADDED from src\main\AndroidManifest.xml:129:13-46
	android:windowSoftInputMode
		ADDED from src\main\AndroidManifest.xml:131:13-52
	android:configChanges
		ADDED from src\main\AndroidManifest.xml:128:13-74
	android:name
		ADDED from src\main\AndroidManifest.xml:127:13-63
activity#com.cpm.dailyentry.UploadSelect
ADDED from src\main\AndroidManifest.xml:132:9-136:55
	android:screenOrientation
		ADDED from src\main\AndroidManifest.xml:135:13-49
	android:windowSoftInputMode
		ADDED from src\main\AndroidManifest.xml:136:13-52
	android:configChanges
		ADDED from src\main\AndroidManifest.xml:134:13-74
	android:name
		ADDED from src\main\AndroidManifest.xml:133:13-59
activity#com.cpm.dailyentry.CheckOutStoreActivity
ADDED from src\main\AndroidManifest.xml:137:9-141:55
	android:screenOrientation
		ADDED from src\main\AndroidManifest.xml:140:13-49
	android:windowSoftInputMode
		ADDED from src\main\AndroidManifest.xml:141:13-52
	android:configChanges
		ADDED from src\main\AndroidManifest.xml:139:13-74
	android:name
		ADDED from src\main\AndroidManifest.xml:138:13-68
activity#com.cpm.dailyentry.CallsActivity
ADDED from src\main\AndroidManifest.xml:142:9-146:55
	android:screenOrientation
		ADDED from src\main\AndroidManifest.xml:145:13-49
	android:windowSoftInputMode
		ADDED from src\main\AndroidManifest.xml:146:13-52
	android:configChanges
		ADDED from src\main\AndroidManifest.xml:144:13-74
	android:name
		ADDED from src\main\AndroidManifest.xml:143:13-60
activity#com.cpm.dailyentry.Performance
ADDED from src\main\AndroidManifest.xml:147:9-151:55
	android:screenOrientation
		ADDED from src\main\AndroidManifest.xml:150:13-49
	android:windowSoftInputMode
		ADDED from src\main\AndroidManifest.xml:151:13-52
	android:configChanges
		ADDED from src\main\AndroidManifest.xml:149:13-74
	android:name
		ADDED from src\main\AndroidManifest.xml:148:13-58
activity#com.cpm.himalaya.MainMenuActivity
ADDED from src\main\AndroidManifest.xml:152:9-156:59
	android:screenOrientation
		ADDED from src\main\AndroidManifest.xml:155:13-49
	android:label
		ADDED from src\main\AndroidManifest.xml:154:13-38
	android:theme
		ADDED from src\main\AndroidManifest.xml:156:13-56
	android:name
		ADDED from src\main\AndroidManifest.xml:153:13-45
activity#com.cpm.himalaya.LoginActivity
ADDED from src\main\AndroidManifest.xml:157:9-161:59
	android:screenOrientation
		ADDED from src\main\AndroidManifest.xml:160:13-49
	android:label
		ADDED from src\main\AndroidManifest.xml:159:13-45
	android:theme
		ADDED from src\main\AndroidManifest.xml:161:13-56
	android:name
		ADDED from src\main\AndroidManifest.xml:158:13-42
activity#com.cpm.dailyentry.CompetionMenuActivity
ADDED from src\main\AndroidManifest.xml:162:9-166:59
	android:screenOrientation
		ADDED from src\main\AndroidManifest.xml:165:13-49
	android:label
		ADDED from src\main\AndroidManifest.xml:164:13-66
	android:theme
		ADDED from src\main\AndroidManifest.xml:166:13-56
	android:name
		ADDED from src\main\AndroidManifest.xml:163:13-68
activity#com.cpm.dailyentry.CompetitionFaceupActivity
ADDED from src\main\AndroidManifest.xml:167:9-172:59
	android:screenOrientation
		ADDED from src\main\AndroidManifest.xml:171:13-49
	android:label
		ADDED from src\main\AndroidManifest.xml:170:13-70
	android:configChanges
		ADDED from src\main\AndroidManifest.xml:169:13-74
	android:theme
		ADDED from src\main\AndroidManifest.xml:172:13-56
	android:name
		ADDED from src\main\AndroidManifest.xml:168:13-72
activity#com.cpm.dailyentry.CompetitionAditionalPOIActivity
ADDED from src\main\AndroidManifest.xml:173:9-179:55
	android:screenOrientation
		ADDED from src\main\AndroidManifest.xml:177:13-49
	android:label
		ADDED from src\main\AndroidManifest.xml:176:13-43
	android:windowSoftInputMode
		ADDED from src\main\AndroidManifest.xml:179:13-52
	android:configChanges
		ADDED from src\main\AndroidManifest.xml:175:13-74
	android:theme
		ADDED from src\main\AndroidManifest.xml:178:13-56
	android:name
		ADDED from src\main\AndroidManifest.xml:174:13-78
activity#com.cpm.dailyentry.CompetitionPromotionsActivity
ADDED from src\main\AndroidManifest.xml:180:9-186:55
	android:screenOrientation
		ADDED from src\main\AndroidManifest.xml:184:13-49
	android:label
		ADDED from src\main\AndroidManifest.xml:183:13-38
	android:windowSoftInputMode
		ADDED from src\main\AndroidManifest.xml:186:13-52
	android:configChanges
		ADDED from src\main\AndroidManifest.xml:182:13-74
	android:theme
		ADDED from src\main\AndroidManifest.xml:185:13-56
	android:name
		ADDED from src\main\AndroidManifest.xml:181:13-76
activity#com.cpm.dailyentry.AdditionalPOIActivity
ADDED from src\main\AndroidManifest.xml:187:9-193:55
	android:screenOrientation
		ADDED from src\main\AndroidManifest.xml:191:13-49
	android:label
		ADDED from src\main\AndroidManifest.xml:190:13-43
	android:windowSoftInputMode
		ADDED from src\main\AndroidManifest.xml:193:13-52
	android:configChanges
		ADDED from src\main\AndroidManifest.xml:189:13-74
	android:theme
		ADDED from src\main\AndroidManifest.xml:192:13-56
	android:name
		ADDED from src\main\AndroidManifest.xml:188:13-68
activity#com.cpm.dailyentry.PaySlip
ADDED from src\main\AndroidManifest.xml:194:9-200:55
	android:screenOrientation
		ADDED from src\main\AndroidManifest.xml:198:13-49
	android:label
		ADDED from src\main\AndroidManifest.xml:197:13-37
	android:windowSoftInputMode
		ADDED from src\main\AndroidManifest.xml:200:13-52
	android:configChanges
		ADDED from src\main\AndroidManifest.xml:196:13-74
	android:theme
		ADDED from src\main\AndroidManifest.xml:199:13-56
	android:name
		ADDED from src\main\AndroidManifest.xml:195:13-54
activity#com.cpm.dailyentry.GeoFence_Activity
ADDED from src\main\AndroidManifest.xml:201:9-204:59
	android:label
		ADDED from src\main\AndroidManifest.xml:203:13-62
	android:theme
		ADDED from src\main\AndroidManifest.xml:204:13-56
	android:name
		ADDED from src\main\AndroidManifest.xml:202:13-64
activity#com.cpm.dailyentry.StoreImageActivity
ADDED from src\main\AndroidManifest.xml:205:9-212:15
	android:screenOrientation
		ADDED from src\main\AndroidManifest.xml:209:13-49
	android:label
		ADDED from src\main\AndroidManifest.xml:207:13-63
	android:windowSoftInputMode
		ADDED from src\main\AndroidManifest.xml:210:13-52
	android:configChanges
		ADDED from src\main\AndroidManifest.xml:211:13-74
	android:theme
		ADDED from src\main\AndroidManifest.xml:208:13-56
	android:name
		ADDED from src\main\AndroidManifest.xml:206:13-65
activity#com.cpm.dailyentry.AuditQuestionActivity
ADDED from src\main\AndroidManifest.xml:213:9-215:59
	android:label
		ADDED from src\main\AndroidManifest.xml:215:13-56
	android:name
		ADDED from src\main\AndroidManifest.xml:214:13-68
activity#com.cpm.dailyentry.QuizTabbedActivity
ADDED from src\main\AndroidManifest.xml:216:9-219:68
	android:label
		ADDED from src\main\AndroidManifest.xml:218:13-56
	android:theme
		ADDED from src\main\AndroidManifest.xml:219:13-56
	android:name
		ADDED from src\main\AndroidManifest.xml:217:13-65
meta-data#com.google.android.gms.version
ADDED from [com.google.android.gms:play-services:6.5.87] AndroidManifest.xml:21:9-23:69
	android:value
		ADDED from [com.google.android.gms:play-services:6.5.87] AndroidManifest.xml:23:13-66
	android:name
		ADDED from [com.google.android.gms:play-services:6.5.87] AndroidManifest.xml:22:13-58